Using pre-set license
Built from '2020.3/staging' branch; Version is '2020.3.25f1 (9b9180224418) revision 10195328'; Using compiler version '192528614'; Build Type 'Release'
OS: 'Windows 10  (10.0.19042) 64bit Education' Language: 'ko' Physical Memory: 16267 MB
BatchMode: 1, IsHumanControllingUs: 0, StartBugReporterOnCrash: 0, Is64bit: 1, IsPro: 0

COMMAND LINE ARGUMENTS:
C:\Program Files\Unity\Hub\Editor\2020.3.25f1\Editor\Unity.exe
-adb2
-batchMode
-noUpm
-name
AssetImportWorker0
-projectPath
C:/Users/이승민/Desktop/RR/Rusty Redemption
-logFile
Logs/AssetImportWorker0.log
-srvPort
55306
Successfully changed project path to: C:/Users/이승민/Desktop/RR/Rusty Redemption
C:/Users/이승민/Desktop/RR/Rusty Redemption
Using Asset Import Pipeline V2.
Refreshing native plugins compatible for Editor in 53.02 ms, found 3 plugins.
Preloading 0 native plugins for Editor in 0.00 ms.
Initialize engine version: 2020.3.25f1 (9b9180224418)
[Subsystems] Discovering subsystems at path C:/Program Files/Unity/Hub/Editor/2020.3.25f1/Editor/Data/Resources/UnitySubsystems
[Subsystems] Discovering subsystems at path C:/Users/이승민/Desktop/RR/Rusty Redemption/Assets
GfxDevice: creating device client; threaded=0
Direct3D:
    Version:  Direct3D 11.0 [level 11.1]
    Renderer: NVIDIA GeForce GTX 1060 (ID=0x1c20)
    Vendor:   
    VRAM:     6061 MB
    Driver:   23.21.13.8875
Initialize mono
Mono path[0] = 'C:/Program Files/Unity/Hub/Editor/2020.3.25f1/Editor/Data/Managed'
Mono path[1] = 'C:/Program Files/Unity/Hub/Editor/2020.3.25f1/Editor/Data/MonoBleedingEdge/lib/mono/unityjit'
Mono config path = 'C:/Program Files/Unity/Hub/Editor/2020.3.25f1/Editor/Data/MonoBleedingEdge/etc'
Using monoOptions --debugger-agent=transport=dt_socket,embedding=1,server=y,suspend=n,address=127.0.0.1:56308
Begin MonoManager ReloadAssembly
Registering precompiled unity dll's ...
Register platform support module: C:/Program Files/Unity/Hub/Editor/2020.3.25f1/Editor/Data/PlaybackEngines/WindowsStandaloneSupport/UnityEditor.WindowsStandalone.Extensions.dll
Registered in 0.002513 seconds.
Native extension for WindowsStandalone target not found
Refreshing native plugins compatible for Editor in 68.40 ms, found 3 plugins.
Preloading 0 native plugins for Editor in 0.00 ms.
Mono: successfully reloaded assembly
- Completed reload, in  0.698 seconds
Domain Reload Profiling:
	ReloadAssembly (698ms)
		BeginReloadAssembly (78ms)
			ExecutionOrderSort (0ms)
			DisableScriptedObjects (0ms)
			BackupInstance (0ms)
			ReleaseScriptingObjects (0ms)
			CreateAndSetChildDomain (1ms)
		EndReloadAssembly (537ms)
			LoadAssemblies (75ms)
			RebuildTransferFunctionScriptingTraits (0ms)
			SetupTypeCache (154ms)
			ReleaseScriptCaches (0ms)
			RebuildScriptCaches (44ms)
			SetupLoadedEditorAssemblies (222ms)
				LogAssemblyErrors (0ms)
				InitializePlatformSupportModulesInManaged (5ms)
				SetLoadedEditorAssemblies (0ms)
				RefreshPlugins (69ms)
				BeforeProcessingInitializeOnLoad (11ms)
				ProcessInitializeOnLoadAttributes (104ms)
				ProcessInitializeOnLoadMethodAttributes (33ms)
				AfterProcessingInitializeOnLoad (0ms)
				EditorAssembliesLoaded (0ms)
			ExecutionOrderSort2 (0ms)
			AwakeInstancesAfterBackupRestoration (0ms)
Platform modules already initialized, skipping
Registering precompiled user dll's ...
Registered in 0.007454 seconds.
Begin MonoManager ReloadAssembly
Native extension for WindowsStandalone target not found
Refreshing native plugins compatible for Editor in 47.50 ms, found 3 plugins.
Preloading 0 native plugins for Editor in 0.00 ms.
Mono: successfully reloaded assembly
- Completed reload, in  1.199 seconds
Domain Reload Profiling:
	ReloadAssembly (1200ms)
		BeginReloadAssembly (162ms)
			ExecutionOrderSort (0ms)
			DisableScriptedObjects (5ms)
			BackupInstance (0ms)
			ReleaseScriptingObjects (0ms)
			CreateAndSetChildDomain (19ms)
		EndReloadAssembly (971ms)
			LoadAssemblies (107ms)
			RebuildTransferFunctionScriptingTraits (0ms)
			SetupTypeCache (315ms)
			ReleaseScriptCaches (0ms)
			RebuildScriptCaches (48ms)
			SetupLoadedEditorAssemblies (363ms)
				LogAssemblyErrors (0ms)
				InitializePlatformSupportModulesInManaged (5ms)
				SetLoadedEditorAssemblies (0ms)
				RefreshPlugins (48ms)
				BeforeProcessingInitializeOnLoad (77ms)
				ProcessInitializeOnLoadAttributes (204ms)
				ProcessInitializeOnLoadMethodAttributes (17ms)
				AfterProcessingInitializeOnLoad (11ms)
				EditorAssembliesLoaded (0ms)
			ExecutionOrderSort2 (0ms)
			AwakeInstancesAfterBackupRestoration (8ms)
Platform modules already initialized, skipping
========================================================================
Worker process is ready to serve import requests
Launched and connected shader compiler UnityShaderCompiler.exe after 0.10 seconds
Refreshing native plugins compatible for Editor in 0.67 ms, found 3 plugins.
Preloading 0 native plugins for Editor in 0.00 ms.
Unloading 2210 Unused Serialized files (Serialized files now loaded: 0)
System memory in use before: 96.5 MB.
System memory in use after: 96.6 MB.

Unloading 28 unused Assets to reduce memory usage. Loaded Objects now: 2647.
Total: 3.364700 ms (FindLiveObjects: 0.200200 ms CreateObjectMapping: 0.170000 ms MarkObjects: 2.894500 ms  DeleteObjects: 0.098700 ms)

AssetImportParameters requested are different than current active one (requested -> active):
  custom:framework-win-MediaFoundation: 216162199b28c13a410421893ffa2e32 -> 
  custom:video-decoder-ogg-theora: a1e56fd34408186e4bbccfd4996cb3dc -> 
  custom:container-muxer-webm: aa71ff27fc2769a1b78a27578f13a17b -> 
  custom:container-demuxer-webm: 4f35f7cbe854078d1ac9338744f61a02 -> 
  custom:container-demuxer-ogg: 62fdf1f143b41e24485cea50d1cbac27 -> 
  custom:video-encoder-webm-vp8: eb34c28f22e8b96e1ab97ce403110664 -> 
  custom:video-decoder-webm-vp8: 9c59270c3fd7afecdb556c50c9e8de78 -> 
  custom:audio-decoder-ogg-vorbis: bf7c407c2cedff20999df2af8eb42d56 -> 
  custom:audio-encoder-webm-vorbis: bf7c407c2cedff20999df2af8eb42d56 -> 
========================================================================
Received Import Request.
  path: Assets/DotImage/stage/Sprite/GroundSteelCurve_Export04.png
  artifactKey: Guid(98048ed44b4fc854ab6a069be2680c0f) Importer(815301076,1909f56bfc062723c751e8b465ee728b)
Start importing Assets/DotImage/stage/Sprite/GroundSteelCurve_Export04.png using Guid(98048ed44b4fc854ab6a069be2680c0f) Importer(815301076,1909f56bfc062723c751e8b465ee728b)  -> (artifact id: '1ea8e7a4d643e92e2598c6c7892caaa0') in 0.139409 seconds 
  Import took 0.143717 seconds .

========================================================================
Received Import Request.
  Time since last request: 11104.410486 seconds.
  path: Assets/DotImage/stage/TileAsset/Ground001.asset
  artifactKey: Guid(3b61fe442c7967945a0e20a9ec561156) Importer(815301076,1909f56bfc062723c751e8b465ee728b)
Start importing Assets/DotImage/stage/TileAsset/Ground001.asset using Guid(3b61fe442c7967945a0e20a9ec561156) Importer(815301076,1909f56bfc062723c751e8b465ee728b)  -> (artifact id: '1ec37e71ad1ad7e117c443aec4d85c68') in 0.171112 seconds 
  Import took 0.200699 seconds .

========================================================================
Received Import Request.
  Time since last request: 0.000439 seconds.
  path: Assets/DotImage/stage/TileAsset/GroundSteel_Export_1.asset
  artifactKey: Guid(01ce5e43f02b21f4c82212a9b84a9adc) Importer(815301076,1909f56bfc062723c751e8b465ee728b)
Start importing Assets/DotImage/stage/TileAsset/GroundSteel_Export_1.asset using Guid(01ce5e43f02b21f4c82212a9b84a9adc) Importer(815301076,1909f56bfc062723c751e8b465ee728b)  -> (artifact id: '816571b14c9cacc5777eef7ff6fdf280') in 0.016281 seconds 
  Import took 0.021965 seconds .

========================================================================
Received Import Request.
  Time since last request: 0.000333 seconds.
  path: Assets/DotImage/stage/TileAsset/GroundSteel_Export02_4.asset
  artifactKey: Guid(62ac6749ae1f3cd438610f6b3906469b) Importer(815301076,1909f56bfc062723c751e8b465ee728b)
Start importing Assets/DotImage/stage/TileAsset/GroundSteel_Export02_4.asset using Guid(62ac6749ae1f3cd438610f6b3906469b) Importer(815301076,1909f56bfc062723c751e8b465ee728b)  -> (artifact id: '43dfd0d32a8172ba21e1021e57d5d223') in 0.021424 seconds 
  Import took 0.027814 seconds .

========================================================================
Received Import Request.
  Time since last request: 0.000324 seconds.
  path: Assets/DotImage/stage/TileAsset/GroundSteel_Export_0.asset
  artifactKey: Guid(2e7bdb15886772a4eb4bdb9f8649d184) Importer(815301076,1909f56bfc062723c751e8b465ee728b)
Start importing Assets/DotImage/stage/TileAsset/GroundSteel_Export_0.asset using Guid(2e7bdb15886772a4eb4bdb9f8649d184) Importer(815301076,1909f56bfc062723c751e8b465ee728b)  -> (artifact id: '868b3095aa1ec1c7a5174eae467863a0') in 0.014898 seconds 
  Import took 0.019378 seconds .

========================================================================
Received Import Request.
  Time since last request: 0.000313 seconds.
  path: Assets/DotImage/stage/TileAsset/GroundSteel_Export02_5.asset
  artifactKey: Guid(e6816c68a2200184b813f033b8db4fbb) Importer(815301076,1909f56bfc062723c751e8b465ee728b)
Start importing Assets/DotImage/stage/TileAsset/GroundSteel_Export02_5.asset using Guid(e6816c68a2200184b813f033b8db4fbb) Importer(815301076,1909f56bfc062723c751e8b465ee728b)  -> (artifact id: 'f90df083e86edf25a762f0891ec26d83') in 0.018689 seconds 
  Import took 0.023708 seconds .

========================================================================
Received Import Request.
  Time since last request: 0.000243 seconds.
  path: Assets/DotImage/stage/TileAsset/GroundSteel_Export02_2.asset
  artifactKey: Guid(23a701643f3c2dd4aaa532ea0707520b) Importer(815301076,1909f56bfc062723c751e8b465ee728b)
Start importing Assets/DotImage/stage/TileAsset/GroundSteel_Export02_2.asset using Guid(23a701643f3c2dd4aaa532ea0707520b) Importer(815301076,1909f56bfc062723c751e8b465ee728b)  -> (artifact id: 'c8e1b7e7d138eec58825d8bbc302bc09') in 0.016120 seconds 
  Import took 0.019875 seconds .

========================================================================
Received Import Request.
  Time since last request: 0.000201 seconds.
  path: Assets/DotImage/stage/TileAsset/GroundSteel_Export02_1.asset
  artifactKey: Guid(8f4e5fcb046566b4ea27b02e9252266d) Importer(815301076,1909f56bfc062723c751e8b465ee728b)
Start importing Assets/DotImage/stage/TileAsset/GroundSteel_Export02_1.asset using Guid(8f4e5fcb046566b4ea27b02e9252266d) Importer(815301076,1909f56bfc062723c751e8b465ee728b)  -> (artifact id: '48c210c3fc28b67009b895f60d892848') in 0.017164 seconds 
  Import took 0.021227 seconds .

========================================================================
Received Import Request.
  Time since last request: 0.000251 seconds.
  path: Assets/DotImage/stage/TileAsset/GroundSteel_Export02_0.asset
  artifactKey: Guid(a3173e3e4fe873c4c8731d7e2c24cf59) Importer(815301076,1909f56bfc062723c751e8b465ee728b)
Start importing Assets/DotImage/stage/TileAsset/GroundSteel_Export02_0.asset using Guid(a3173e3e4fe873c4c8731d7e2c24cf59) Importer(815301076,1909f56bfc062723c751e8b465ee728b)  -> (artifact id: 'a62398d326c975e1c524703e4a56455d') in 0.016552 seconds 
  Import took 0.020806 seconds .

========================================================================
Received Import Request.
  Time since last request: 0.000195 seconds.
  path: Assets/DotImage/stage/TileAsset/GroundSteel_Export_2.asset
  artifactKey: Guid(484e97214ea437e4984c199e109043b6) Importer(815301076,1909f56bfc062723c751e8b465ee728b)
Start importing Assets/DotImage/stage/TileAsset/GroundSteel_Export_2.asset using Guid(484e97214ea437e4984c199e109043b6) Importer(815301076,1909f56bfc062723c751e8b465ee728b)  -> (artifact id: '554e262ea7759db1242cfc282ff6f937') in 0.011643 seconds 
  Import took 0.015910 seconds .

========================================================================
Received Import Request.
  Time since last request: 0.000270 seconds.
  path: Assets/DotImage/stage/TileAsset/GroundSteel_Export02_3.asset
  artifactKey: Guid(51f08a517fdcee046bbd86bee0b1d894) Importer(815301076,1909f56bfc062723c751e8b465ee728b)
Start importing Assets/DotImage/stage/TileAsset/GroundSteel_Export02_3.asset using Guid(51f08a517fdcee046bbd86bee0b1d894) Importer(815301076,1909f56bfc062723c751e8b465ee728b)  -> (artifact id: '3d00e164ac4f0324263243f1d71d13f5') in 0.015050 seconds 
  Import took 0.020559 seconds .

========================================================================
Received Import Request.
  Time since last request: 0.000238 seconds.
  path: Assets/DotImage/stage/TileAsset/GroundSteel_Export_3.asset
  artifactKey: Guid(7bc1d170cf98e9c4cbb7793cd8e222ba) Importer(815301076,1909f56bfc062723c751e8b465ee728b)
Start importing Assets/DotImage/stage/TileAsset/GroundSteel_Export_3.asset using Guid(7bc1d170cf98e9c4cbb7793cd8e222ba) Importer(815301076,1909f56bfc062723c751e8b465ee728b)  -> (artifact id: '596aff36e982d8a8f5e7aea0bb161924') in 0.010502 seconds 
  Import took 0.015813 seconds .

========================================================================
Received Import Request.
  Time since last request: 0.000287 seconds.
  path: Assets/DotImage/stage/TileAsset/Ground002.asset
  artifactKey: Guid(8d2fd89db4ecd804791e2098063cd3e3) Importer(815301076,1909f56bfc062723c751e8b465ee728b)
Start importing Assets/DotImage/stage/TileAsset/Ground002.asset using Guid(8d2fd89db4ecd804791e2098063cd3e3) Importer(815301076,1909f56bfc062723c751e8b465ee728b)  -> (artifact id: 'a15436ec8b02605a36527c2dca91c12d') in 0.017213 seconds 
  Import took 0.022577 seconds .

========================================================================
Received Import Request.
  Time since last request: 0.000275 seconds.
  path: Assets/DotImage/stage/TileAsset/Ground003.asset
  artifactKey: Guid(5f4d34a60ce17a6458bb1ccaf620f891) Importer(815301076,1909f56bfc062723c751e8b465ee728b)
Start importing Assets/DotImage/stage/TileAsset/Ground003.asset using Guid(5f4d34a60ce17a6458bb1ccaf620f891) Importer(815301076,1909f56bfc062723c751e8b465ee728b)  -> (artifact id: '60fe932d437b1b24ee61f7a005e5c543') in 0.014780 seconds 
  Import took 0.019519 seconds .

========================================================================
Received Import Request.
  Time since last request: 0.350714 seconds.
  path: Assets/DotImage/stage/TileAsset/GroundSteel_Export_4.asset
  artifactKey: Guid(a4c1bb6cacbdc574498272c152acbe63) Importer(815301076,1909f56bfc062723c751e8b465ee728b)
Start importing Assets/DotImage/stage/TileAsset/GroundSteel_Export_4.asset using Guid(a4c1bb6cacbdc574498272c152acbe63) Importer(815301076,1909f56bfc062723c751e8b465ee728b)  -> (artifact id: 'bb4e28f690201f3ff74022c6935d8b19') in 0.009861 seconds 
  Import took 0.014502 seconds .

========================================================================
Received Import Request.
  Time since last request: 0.000362 seconds.
  path: Assets/DotImage/stage/TileAsset/GroundSteelCurve_Export02.asset
  artifactKey: Guid(e39705cb566dd774badfd9694500f6ec) Importer(815301076,1909f56bfc062723c751e8b465ee728b)
Start importing Assets/DotImage/stage/TileAsset/GroundSteelCurve_Export02.asset using Guid(e39705cb566dd774badfd9694500f6ec) Importer(815301076,1909f56bfc062723c751e8b465ee728b)  -> (artifact id: '07b72d07c0af916bd576c2083967fd1d') in 0.015804 seconds 
  Import took 0.020448 seconds .

========================================================================
Received Import Request.
  Time since last request: 0.000284 seconds.
  path: Assets/DotImage/stage/TileAsset/GroundSteel_Export_5.asset
  artifactKey: Guid(8a27e1674df9c5f42a0d127023028c89) Importer(815301076,1909f56bfc062723c751e8b465ee728b)
Start importing Assets/DotImage/stage/TileAsset/GroundSteel_Export_5.asset using Guid(8a27e1674df9c5f42a0d127023028c89) Importer(815301076,1909f56bfc062723c751e8b465ee728b)  -> (artifact id: '724ac24e37738bddd1a5dbdd7b39b7ae') in 0.011985 seconds 
  Import took 0.016994 seconds .

========================================================================
Received Import Request.
  Time since last request: 0.000328 seconds.
  path: Assets/DotImage/stage/TileAsset/GroundSteelCurve_Export04.asset
  artifactKey: Guid(4f594799a8658bb4180fbdcc5fc97626) Importer(815301076,1909f56bfc062723c751e8b465ee728b)
Start importing Assets/DotImage/stage/TileAsset/GroundSteelCurve_Export04.asset using Guid(4f594799a8658bb4180fbdcc5fc97626) Importer(815301076,1909f56bfc062723c751e8b465ee728b)  -> (artifact id: 'b89e408abae2c55be9e3c74a98854346') in 0.015293 seconds 
  Import took 0.020972 seconds .

========================================================================
Received Import Request.
  Time since last request: 0.000319 seconds.
  path: Assets/DotImage/stage/TileAsset/GroundSteelCurve_Export05.asset
  artifactKey: Guid(348ded33a3df3754fb0e1583b8f9408f) Importer(815301076,1909f56bfc062723c751e8b465ee728b)
Start importing Assets/DotImage/stage/TileAsset/GroundSteelCurve_Export05.asset using Guid(348ded33a3df3754fb0e1583b8f9408f) Importer(815301076,1909f56bfc062723c751e8b465ee728b)  -> (artifact id: '9d1e2334ac1b6f40f1e3ee5e31d4623d') in 0.018558 seconds 
  Import took 0.023659 seconds .

========================================================================
Received Import Request.
  Time since last request: 0.000313 seconds.
  path: Assets/DotImage/stage/TileAsset/GroundSteelCurve_Export03.asset
  artifactKey: Guid(f49da37429e7c074e8b6466960dc3ec1) Importer(815301076,1909f56bfc062723c751e8b465ee728b)
Start importing Assets/DotImage/stage/TileAsset/GroundSteelCurve_Export03.asset using Guid(f49da37429e7c074e8b6466960dc3ec1) Importer(815301076,1909f56bfc062723c751e8b465ee728b)  -> (artifact id: '0588f9a636cdedbec6019d691fea732c') in 0.016100 seconds 
  Import took 0.020936 seconds .

========================================================================
Received Import Request.
  Time since last request: 0.000318 seconds.
  path: Assets/DotImage/stage/TileAsset/GroundSteelCurve_Export06.asset
  artifactKey: Guid(70268aec9e667974eba5521684128b77) Importer(815301076,1909f56bfc062723c751e8b465ee728b)
Start importing Assets/DotImage/stage/TileAsset/GroundSteelCurve_Export06.asset using Guid(70268aec9e667974eba5521684128b77) Importer(815301076,1909f56bfc062723c751e8b465ee728b)  -> (artifact id: '800787a8946c0313794e0d52eb15b04e') in 0.017337 seconds 
  Import took 0.022943 seconds .

========================================================================
Received Import Request.
  Time since last request: 5.223614 seconds.
  path: Assets/DotImage/stage/TileAsset/steel
  artifactKey: Guid(c5515c2b55367c54eb4c0246f7532563) Importer(815301076,1909f56bfc062723c751e8b465ee728b)
Start importing Assets/DotImage/stage/TileAsset/steel using Guid(c5515c2b55367c54eb4c0246f7532563) Importer(815301076,1909f56bfc062723c751e8b465ee728b)  -> (artifact id: 'a618f01ecd27cf793fe99c3f544c4215') in 0.010446 seconds 
  Import took 0.014977 seconds .

========================================================================
Received Import Request.
  Time since last request: 9.102296 seconds.
  path: Assets/DotImage/stage/TileAsset/Brick
  artifactKey: Guid(6fd9690eaf3da8d48836976cbb8be876) Importer(815301076,1909f56bfc062723c751e8b465ee728b)
Start importing Assets/DotImage/stage/TileAsset/Brick using Guid(6fd9690eaf3da8d48836976cbb8be876) Importer(815301076,1909f56bfc062723c751e8b465ee728b)  -> (artifact id: '49f5fa0d8a063784ca1c5c23ade28dc3') in 0.011069 seconds 
  Import took 0.015812 seconds .

========================================================================
Received Import Request.
  Time since last request: 69.261661 seconds.
  path: Assets/DotImage/stage/TileAsset/Brick/BrickGround.png
  artifactKey: Guid(30074178a3d5ac3478928ed351efedb9) Importer(815301076,1909f56bfc062723c751e8b465ee728b)
Start importing Assets/DotImage/stage/TileAsset/Brick/BrickGround.png using Guid(30074178a3d5ac3478928ed351efedb9) Importer(815301076,1909f56bfc062723c751e8b465ee728b)  -> (artifact id: '3fd11500f89e38f5b1d45f21bbe641b0') in 0.028588 seconds 
  Import took 0.032652 seconds .

========================================================================
Received Import Request.
  Time since last request: 11.724998 seconds.
  path: Assets/DotImage/stage/TileAsset/Brick/BrickGround.png
  artifactKey: Guid(30074178a3d5ac3478928ed351efedb9) Importer(815301076,1909f56bfc062723c751e8b465ee728b)
Start importing Assets/DotImage/stage/TileAsset/Brick/BrickGround.png using Guid(30074178a3d5ac3478928ed351efedb9) Importer(815301076,1909f56bfc062723c751e8b465ee728b)  -> (artifact id: '09dbd14bae00fb311e71ab4fa2cb6ecb') in 0.014999 seconds 
  Import took 0.019021 seconds .

========================================================================
Received Import Request.
  Time since last request: 22.500106 seconds.
  path: Assets/DotImage/stage/TileAsset/Brick/BrickGround.png
  artifactKey: Guid(30074178a3d5ac3478928ed351efedb9) Importer(815301076,1909f56bfc062723c751e8b465ee728b)
Start importing Assets/DotImage/stage/TileAsset/Brick/BrickGround.png using Guid(30074178a3d5ac3478928ed351efedb9) Importer(815301076,1909f56bfc062723c751e8b465ee728b)  -> (artifact id: '873291cfcec23163e47e58c15e5acd6c') in 0.045197 seconds 
  Import took 0.049502 seconds .

========================================================================
Received Import Request.
  Time since last request: 30.601681 seconds.
  path: Assets/DotImage/stage/TileAsset/Brick/BrickGround.prefab
  artifactKey: Guid(55248ac09947e834e990f461f6251fac) Importer(815301076,1909f56bfc062723c751e8b465ee728b)
Start importing Assets/DotImage/stage/TileAsset/Brick/BrickGround.prefab using Guid(55248ac09947e834e990f461f6251fac) Importer(815301076,1909f56bfc062723c751e8b465ee728b)  -> (artifact id: 'ad04f3aa30c0d1ce3ec2e820e9dc1cd3') in 0.077014 seconds 
  Import took 0.083691 seconds .

========================================================================
Received Import Request.
  Time since last request: 9.788131 seconds.
  path: Assets/DotImage/stage/TileAsset/Brick/BrickGround.prefab
  artifactKey: Guid(55248ac09947e834e990f461f6251fac) Importer(815301076,1909f56bfc062723c751e8b465ee728b)
Start importing Assets/DotImage/stage/TileAsset/Brick/BrickGround.prefab using Guid(55248ac09947e834e990f461f6251fac) Importer(815301076,1909f56bfc062723c751e8b465ee728b)  -> (artifact id: '3723757f5a43d410b06502f4c7a8be9e') in 0.030708 seconds 
  Import took 0.035642 seconds .

========================================================================
Received Import Request.
  Time since last request: 0.000252 seconds.
  path: Assets/DotImage/stage/TileAsset/Brick/BrickGround_2.asset
  artifactKey: Guid(5c269bb79fbc76647819beb85106e022) Importer(815301076,1909f56bfc062723c751e8b465ee728b)
Start importing Assets/DotImage/stage/TileAsset/Brick/BrickGround_2.asset using Guid(5c269bb79fbc76647819beb85106e022) Importer(815301076,1909f56bfc062723c751e8b465ee728b)  -> (artifact id: 'bdcc417df627f8020e35e9e6f6f85d2c') in 0.014925 seconds 
  Import took 0.020825 seconds .

========================================================================
Received Import Request.
  Time since last request: 0.000301 seconds.
  path: Assets/DotImage/stage/TileAsset/Brick/BrickGround_1.asset
  artifactKey: Guid(9bfbee7f1e55325429bd2a19969e34b4) Importer(815301076,1909f56bfc062723c751e8b465ee728b)
Start importing Assets/DotImage/stage/TileAsset/Brick/BrickGround_1.asset using Guid(9bfbee7f1e55325429bd2a19969e34b4) Importer(815301076,1909f56bfc062723c751e8b465ee728b)  -> (artifact id: 'febda166670a32f1e2a6a3ba42b1fab8') in 0.015225 seconds 
  Import took 0.018902 seconds .

========================================================================
Received Import Request.
  Time since last request: 0.000309 seconds.
  path: Assets/DotImage/stage/TileAsset/Brick/BrickGround_0.asset
  artifactKey: Guid(1627c06b1b3917a48bcce7fe5bdba622) Importer(815301076,1909f56bfc062723c751e8b465ee728b)
Start importing Assets/DotImage/stage/TileAsset/Brick/BrickGround_0.asset using Guid(1627c06b1b3917a48bcce7fe5bdba622) Importer(815301076,1909f56bfc062723c751e8b465ee728b)  -> (artifact id: 'b31c023e67dc59a02bddc3420c8f5550') in 0.015740 seconds 
  Import took 0.020331 seconds .

========================================================================
Received Import Request.
  Time since last request: 87.186117 seconds.
  path: Assets/DotImage/stage/TileAsset/Brick/BrickGround.prefab
  artifactKey: Guid(55248ac09947e834e990f461f6251fac) Importer(815301076,1909f56bfc062723c751e8b465ee728b)
Start importing Assets/DotImage/stage/TileAsset/Brick/BrickGround.prefab using Guid(55248ac09947e834e990f461f6251fac) Importer(815301076,1909f56bfc062723c751e8b465ee728b)  -> (artifact id: 'c32f9461b889c570e6fc9e0f2f12a429') in 0.019439 seconds 
  Import took 0.023617 seconds .

========================================================================
Received Import Request.
  Time since last request: 66.357443 seconds.
  path: Assets/DotImage/stage/TileAsset/Brick/BrickGround.prefab
  artifactKey: Guid(55248ac09947e834e990f461f6251fac) Importer(815301076,1909f56bfc062723c751e8b465ee728b)
Start importing Assets/DotImage/stage/TileAsset/Brick/BrickGround.prefab using Guid(55248ac09947e834e990f461f6251fac) Importer(815301076,1909f56bfc062723c751e8b465ee728b)  -> (artifact id: '8001b81aa1d53fa72c23badab85757b6') in 0.019033 seconds 
  Import took 0.024756 seconds .

========================================================================
Received Import Request.
  Time since last request: 0.197661 seconds.
  path: Assets/DotImage/stage/TileAsset/Brick/BrickGround_3.asset
  artifactKey: Guid(bc758946419ece343a5a7c57d7386086) Importer(815301076,1909f56bfc062723c751e8b465ee728b)
Start importing Assets/DotImage/stage/TileAsset/Brick/BrickGround_3.asset using Guid(bc758946419ece343a5a7c57d7386086) Importer(815301076,1909f56bfc062723c751e8b465ee728b)  -> (artifact id: '50059f900da94005078b18dcd1d27b9f') in 0.014984 seconds 
  Import took 0.020337 seconds .

========================================================================
Received Import Request.
  Time since last request: 0.000280 seconds.
  path: Assets/DotImage/stage/TileAsset/Brick/BrickGround_5.asset
  artifactKey: Guid(af05e62b48ee7f1489d74d382bd7f25b) Importer(815301076,1909f56bfc062723c751e8b465ee728b)
Start importing Assets/DotImage/stage/TileAsset/Brick/BrickGround_5.asset using Guid(af05e62b48ee7f1489d74d382bd7f25b) Importer(815301076,1909f56bfc062723c751e8b465ee728b)  -> (artifact id: '516efef9e8c3e4a7de7d5e0b40b9a304') in 0.021131 seconds 
  Import took 0.026357 seconds .

========================================================================
Received Import Request.
  Time since last request: 0.000280 seconds.
  path: Assets/DotImage/stage/TileAsset/Brick/BrickGround_4.asset
  artifactKey: Guid(599ede7fb1d42dc4993eda19028cab47) Importer(815301076,1909f56bfc062723c751e8b465ee728b)
Start importing Assets/DotImage/stage/TileAsset/Brick/BrickGround_4.asset using Guid(599ede7fb1d42dc4993eda19028cab47) Importer(815301076,1909f56bfc062723c751e8b465ee728b)  -> (artifact id: 'ebdfb23dc15cf82034bc7d915e21ddd1') in 0.017972 seconds 
  Import took 0.022810 seconds .

========================================================================
Received Import Request.
  Time since last request: 0.069682 seconds.
  path: Assets/DotImage/stage/TileAsset/Brick/BrickGround_6.asset
  artifactKey: Guid(58d7d0a7967e4a8448254485487b6f7f) Importer(815301076,1909f56bfc062723c751e8b465ee728b)
Start importing Assets/DotImage/stage/TileAsset/Brick/BrickGround_6.asset using Guid(58d7d0a7967e4a8448254485487b6f7f) Importer(815301076,1909f56bfc062723c751e8b465ee728b)  -> (artifact id: 'd037e274efaae7dc392b56e8316a5ba5') in 0.015570 seconds 
  Import took 0.019643 seconds .

========================================================================
Received Import Request.
  Time since last request: 2.805882 seconds.
  path: Assets/DotImage/stage/TileAsset/Brick/BrickGround.prefab
  artifactKey: Guid(55248ac09947e834e990f461f6251fac) Importer(815301076,1909f56bfc062723c751e8b465ee728b)
Start importing Assets/DotImage/stage/TileAsset/Brick/BrickGround.prefab using Guid(55248ac09947e834e990f461f6251fac) Importer(815301076,1909f56bfc062723c751e8b465ee728b)  -> (artifact id: 'f61998e006c683468ac959f171b57b7f') in 0.016217 seconds 
  Import took 0.020924 seconds .

========================================================================
Received Import Request.
  Time since last request: 5.041796 seconds.
  path: Assets/DotImage/stage/TileAsset/Brick/BrickGround.prefab
  artifactKey: Guid(55248ac09947e834e990f461f6251fac) Importer(815301076,1909f56bfc062723c751e8b465ee728b)
Start importing Assets/DotImage/stage/TileAsset/Brick/BrickGround.prefab using Guid(55248ac09947e834e990f461f6251fac) Importer(815301076,1909f56bfc062723c751e8b465ee728b)  -> (artifact id: '000d67fe6ac04810b626968463c64763') in 0.017329 seconds 
  Import took 0.021954 seconds .

========================================================================
Received Import Request.
  Time since last request: 3.694952 seconds.
  path: Assets/DotImage/stage/TileAsset/Brick/BrickGround.prefab
  artifactKey: Guid(55248ac09947e834e990f461f6251fac) Importer(815301076,1909f56bfc062723c751e8b465ee728b)
Start importing Assets/DotImage/stage/TileAsset/Brick/BrickGround.prefab using Guid(55248ac09947e834e990f461f6251fac) Importer(815301076,1909f56bfc062723c751e8b465ee728b)  -> (artifact id: '6677aa0e90d03904d9f1317a4ca56fb9') in 0.015895 seconds 
  Import took 0.020148 seconds .

========================================================================
Received Import Request.
  Time since last request: 1.601986 seconds.
  path: Assets/DotImage/stage/TileAsset/Brick/BrickGround.prefab
  artifactKey: Guid(55248ac09947e834e990f461f6251fac) Importer(815301076,1909f56bfc062723c751e8b465ee728b)
Start importing Assets/DotImage/stage/TileAsset/Brick/BrickGround.prefab using Guid(55248ac09947e834e990f461f6251fac) Importer(815301076,1909f56bfc062723c751e8b465ee728b)  -> (artifact id: '3ea9d6bdf16b76eb1e26d2e1a9f51fcb') in 0.017133 seconds 
  Import took 0.023166 seconds .

========================================================================
Received Import Request.
  Time since last request: 18.413666 seconds.
  path: Assets/DotImage/stage/TileAsset/Brick/BrickGround.prefab
  artifactKey: Guid(55248ac09947e834e990f461f6251fac) Importer(815301076,1909f56bfc062723c751e8b465ee728b)
Start importing Assets/DotImage/stage/TileAsset/Brick/BrickGround.prefab using Guid(55248ac09947e834e990f461f6251fac) Importer(815301076,1909f56bfc062723c751e8b465ee728b)  -> (artifact id: 'c315f29403159bdc16760b57d13dbcaf') in 0.016368 seconds 
  Import took 0.021822 seconds .

========================================================================
Received Prepare
Registering precompiled user dll's ...
Registered in 0.006855 seconds.
Begin MonoManager ReloadAssembly
Native extension for WindowsStandalone target not found
Refreshing native plugins compatible for Editor in 0.49 ms, found 3 plugins.
Preloading 0 native plugins for Editor in 0.00 ms.
Mono: successfully reloaded assembly
- Completed reload, in  1.360 seconds
Domain Reload Profiling:
	ReloadAssembly (1361ms)
		BeginReloadAssembly (207ms)
			ExecutionOrderSort (0ms)
			DisableScriptedObjects (9ms)
			BackupInstance (0ms)
			ReleaseScriptingObjects (0ms)
			CreateAndSetChildDomain (87ms)
		EndReloadAssembly (1040ms)
			LoadAssemblies (151ms)
			RebuildTransferFunctionScriptingTraits (0ms)
			SetupTypeCache (388ms)
			ReleaseScriptCaches (1ms)
			RebuildScriptCaches (46ms)
			SetupLoadedEditorAssemblies (350ms)
				LogAssemblyErrors (0ms)
				InitializePlatformSupportModulesInManaged (5ms)
				SetLoadedEditorAssemblies (1ms)
				RefreshPlugins (1ms)
				BeforeProcessingInitializeOnLoad (73ms)
				ProcessInitializeOnLoadAttributes (247ms)
				ProcessInitializeOnLoadMethodAttributes (12ms)
				AfterProcessingInitializeOnLoad (12ms)
				EditorAssembliesLoaded (0ms)
			ExecutionOrderSort2 (0ms)
			AwakeInstancesAfterBackupRestoration (11ms)
Platform modules already initialized, skipping
Refreshing native plugins compatible for Editor in 0.49 ms, found 3 plugins.
Preloading 0 native plugins for Editor in 0.00 ms.
Unloading 2198 Unused Serialized files (Serialized files now loaded: 0)
System memory in use before: 98.9 MB.
System memory in use after: 99.1 MB.

Unloading 17 unused Assets to reduce memory usage. Loaded Objects now: 2668.
Total: 3.399800 ms (FindLiveObjects: 0.174800 ms CreateObjectMapping: 0.085400 ms MarkObjects: 3.082000 ms  DeleteObjects: 0.056600 ms)

AssetImportParameters requested are different than current active one (requested -> active):
  custom:framework-win-MediaFoundation: 216162199b28c13a410421893ffa2e32 -> 
  custom:video-decoder-ogg-theora: a1e56fd34408186e4bbccfd4996cb3dc -> 
  custom:container-muxer-webm: aa71ff27fc2769a1b78a27578f13a17b -> 
  custom:container-demuxer-webm: 4f35f7cbe854078d1ac9338744f61a02 -> 
  custom:container-demuxer-ogg: 62fdf1f143b41e24485cea50d1cbac27 -> 
  custom:video-encoder-webm-vp8: eb34c28f22e8b96e1ab97ce403110664 -> 
  custom:video-decoder-webm-vp8: 9c59270c3fd7afecdb556c50c9e8de78 -> 
  custom:audio-decoder-ogg-vorbis: bf7c407c2cedff20999df2af8eb42d56 -> 
  custom:audio-encoder-webm-vorbis: bf7c407c2cedff20999df2af8eb42d56 -> 
========================================================================
Received Prepare
Registering precompiled user dll's ...
Registered in 0.007367 seconds.
Begin MonoManager ReloadAssembly
Native extension for WindowsStandalone target not found
Refreshing native plugins compatible for Editor in 0.61 ms, found 3 plugins.
Preloading 0 native plugins for Editor in 0.00 ms.
Mono: successfully reloaded assembly
- Completed reload, in  1.289 seconds
Domain Reload Profiling:
	ReloadAssembly (1289ms)
		BeginReloadAssembly (149ms)
			ExecutionOrderSort (0ms)
			DisableScriptedObjects (6ms)
			BackupInstance (0ms)
			ReleaseScriptingObjects (0ms)
			CreateAndSetChildDomain (38ms)
		EndReloadAssembly (1058ms)
			LoadAssemblies (124ms)
			RebuildTransferFunctionScriptingTraits (0ms)
			SetupTypeCache (422ms)
			ReleaseScriptCaches (1ms)
			RebuildScriptCaches (56ms)
			SetupLoadedEditorAssemblies (350ms)
				LogAssemblyErrors (0ms)
				InitializePlatformSupportModulesInManaged (5ms)
				SetLoadedEditorAssemblies (1ms)
				RefreshPlugins (1ms)
				BeforeProcessingInitializeOnLoad (80ms)
				ProcessInitializeOnLoadAttributes (242ms)
				ProcessInitializeOnLoadMethodAttributes (13ms)
				AfterProcessingInitializeOnLoad (8ms)
				EditorAssembliesLoaded (0ms)
			ExecutionOrderSort2 (0ms)
			AwakeInstancesAfterBackupRestoration (9ms)
Platform modules already initialized, skipping
Refreshing native plugins compatible for Editor in 0.51 ms, found 3 plugins.
Preloading 0 native plugins for Editor in 0.00 ms.
Unloading 2198 Unused Serialized files (Serialized files now loaded: 0)
System memory in use before: 99.0 MB.
System memory in use after: 99.1 MB.

Unloading 17 unused Assets to reduce memory usage. Loaded Objects now: 2670.
Total: 3.263000 ms (FindLiveObjects: 0.180400 ms CreateObjectMapping: 0.080300 ms MarkObjects: 2.951600 ms  DeleteObjects: 0.050000 ms)

AssetImportParameters requested are different than current active one (requested -> active):
  custom:framework-win-MediaFoundation: 216162199b28c13a410421893ffa2e32 -> 
  custom:video-decoder-ogg-theora: a1e56fd34408186e4bbccfd4996cb3dc -> 
  custom:container-muxer-webm: aa71ff27fc2769a1b78a27578f13a17b -> 
  custom:container-demuxer-webm: 4f35f7cbe854078d1ac9338744f61a02 -> 
  custom:container-demuxer-ogg: 62fdf1f143b41e24485cea50d1cbac27 -> 
  custom:video-encoder-webm-vp8: eb34c28f22e8b96e1ab97ce403110664 -> 
  custom:video-decoder-webm-vp8: 9c59270c3fd7afecdb556c50c9e8de78 -> 
  custom:audio-decoder-ogg-vorbis: bf7c407c2cedff20999df2af8eb42d56 -> 
  custom:audio-encoder-webm-vorbis: bf7c407c2cedff20999df2af8eb42d56 -> 
========================================================================
Received Prepare
Registering precompiled user dll's ...
Registered in 0.007732 seconds.
Begin MonoManager ReloadAssembly
Native extension for WindowsStandalone target not found
Refreshing native plugins compatible for Editor in 0.53 ms, found 3 plugins.
Preloading 0 native plugins for Editor in 0.00 ms.
Mono: successfully reloaded assembly
- Completed reload, in  1.254 seconds
Domain Reload Profiling:
	ReloadAssembly (1255ms)
		BeginReloadAssembly (152ms)
			ExecutionOrderSort (0ms)
			DisableScriptedObjects (7ms)
			BackupInstance (0ms)
			ReleaseScriptingObjects (0ms)
			CreateAndSetChildDomain (39ms)
		EndReloadAssembly (1033ms)
			LoadAssemblies (119ms)
			RebuildTransferFunctionScriptingTraits (0ms)
			SetupTypeCache (423ms)
			ReleaseScriptCaches (1ms)
			RebuildScriptCaches (46ms)
			SetupLoadedEditorAssemblies (335ms)
				LogAssemblyErrors (0ms)
				InitializePlatformSupportModulesInManaged (5ms)
				SetLoadedEditorAssemblies (1ms)
				RefreshPlugins (1ms)
				BeforeProcessingInitializeOnLoad (77ms)
				ProcessInitializeOnLoadAttributes (232ms)
				ProcessInitializeOnLoadMethodAttributes (12ms)
				AfterProcessingInitializeOnLoad (8ms)
				EditorAssembliesLoaded (0ms)
			ExecutionOrderSort2 (0ms)
			AwakeInstancesAfterBackupRestoration (9ms)
Platform modules already initialized, skipping
Refreshing native plugins compatible for Editor in 0.50 ms, found 3 plugins.
Preloading 0 native plugins for Editor in 0.00 ms.
Unloading 2198 Unused Serialized files (Serialized files now loaded: 0)
System memory in use before: 99.0 MB.
System memory in use after: 99.1 MB.

Unloading 17 unused Assets to reduce memory usage. Loaded Objects now: 2672.
Total: 2.985200 ms (FindLiveObjects: 0.159000 ms CreateObjectMapping: 0.089800 ms MarkObjects: 2.703000 ms  DeleteObjects: 0.032500 ms)

AssetImportParameters requested are different than current active one (requested -> active):
  custom:framework-win-MediaFoundation: 216162199b28c13a410421893ffa2e32 -> 
  custom:video-decoder-ogg-theora: a1e56fd34408186e4bbccfd4996cb3dc -> 
  custom:container-muxer-webm: aa71ff27fc2769a1b78a27578f13a17b -> 
  custom:container-demuxer-webm: 4f35f7cbe854078d1ac9338744f61a02 -> 
  custom:container-demuxer-ogg: 62fdf1f143b41e24485cea50d1cbac27 -> 
  custom:video-encoder-webm-vp8: eb34c28f22e8b96e1ab97ce403110664 -> 
  custom:video-decoder-webm-vp8: 9c59270c3fd7afecdb556c50c9e8de78 -> 
  custom:audio-decoder-ogg-vorbis: bf7c407c2cedff20999df2af8eb42d56 -> 
  custom:audio-encoder-webm-vorbis: bf7c407c2cedff20999df2af8eb42d56 -> 
========================================================================
Received Prepare
Registering precompiled user dll's ...
Registered in 0.006197 seconds.
Begin MonoManager ReloadAssembly
Native extension for WindowsStandalone target not found
Refreshing native plugins compatible for Editor in 0.52 ms, found 3 plugins.
Preloading 0 native plugins for Editor in 0.00 ms.
Mono: successfully reloaded assembly
- Completed reload, in  1.310 seconds
Domain Reload Profiling:
	ReloadAssembly (1310ms)
		BeginReloadAssembly (152ms)
			ExecutionOrderSort (0ms)
			DisableScriptedObjects (9ms)
			BackupInstance (0ms)
			ReleaseScriptingObjects (0ms)
			CreateAndSetChildDomain (42ms)
		EndReloadAssembly (1072ms)
			LoadAssemblies (155ms)
			RebuildTransferFunctionScriptingTraits (0ms)
			SetupTypeCache (424ms)
			ReleaseScriptCaches (1ms)
			RebuildScriptCaches (50ms)
			SetupLoadedEditorAssemblies (346ms)
				LogAssemblyErrors (0ms)
				InitializePlatformSupportModulesInManaged (5ms)
				SetLoadedEditorAssemblies (1ms)
				RefreshPlugins (1ms)
				BeforeProcessingInitializeOnLoad (75ms)
				ProcessInitializeOnLoadAttributes (242ms)
				ProcessInitializeOnLoadMethodAttributes (12ms)
				AfterProcessingInitializeOnLoad (10ms)
				EditorAssembliesLoaded (0ms)
			ExecutionOrderSort2 (0ms)
			AwakeInstancesAfterBackupRestoration (9ms)
Platform modules already initialized, skipping
Refreshing native plugins compatible for Editor in 0.52 ms, found 3 plugins.
Preloading 0 native plugins for Editor in 0.00 ms.
Unloading 2198 Unused Serialized files (Serialized files now loaded: 0)
System memory in use before: 99.0 MB.
System memory in use after: 99.1 MB.

Unloading 17 unused Assets to reduce memory usage. Loaded Objects now: 2674.
Total: 3.863900 ms (FindLiveObjects: 0.169600 ms CreateObjectMapping: 0.082100 ms MarkObjects: 3.567500 ms  DeleteObjects: 0.043800 ms)

AssetImportParameters requested are different than current active one (requested -> active):
  custom:framework-win-MediaFoundation: 216162199b28c13a410421893ffa2e32 -> 
  custom:video-decoder-ogg-theora: a1e56fd34408186e4bbccfd4996cb3dc -> 
  custom:container-muxer-webm: aa71ff27fc2769a1b78a27578f13a17b -> 
  custom:container-demuxer-webm: 4f35f7cbe854078d1ac9338744f61a02 -> 
  custom:container-demuxer-ogg: 62fdf1f143b41e24485cea50d1cbac27 -> 
  custom:video-encoder-webm-vp8: eb34c28f22e8b96e1ab97ce403110664 -> 
  custom:video-decoder-webm-vp8: 9c59270c3fd7afecdb556c50c9e8de78 -> 
  custom:audio-decoder-ogg-vorbis: bf7c407c2cedff20999df2af8eb42d56 -> 
  custom:audio-encoder-webm-vorbis: bf7c407c2cedff20999df2af8eb42d56 -> 
========================================================================
Received Prepare
Registering precompiled user dll's ...
Registered in 0.007065 seconds.
Begin MonoManager ReloadAssembly
Native extension for WindowsStandalone target not found
Refreshing native plugins compatible for Editor in 0.50 ms, found 3 plugins.
Preloading 0 native plugins for Editor in 0.00 ms.
Mono: successfully reloaded assembly
- Completed reload, in  1.234 seconds
Domain Reload Profiling:
	ReloadAssembly (1234ms)
		BeginReloadAssembly (127ms)
			ExecutionOrderSort (0ms)
			DisableScriptedObjects (7ms)
			BackupInstance (0ms)
			ReleaseScriptingObjects (0ms)
			CreateAndSetChildDomain (33ms)
		EndReloadAssembly (1038ms)
			LoadAssemblies (108ms)
			RebuildTransferFunctionScriptingTraits (0ms)
			SetupTypeCache (439ms)
			ReleaseScriptCaches (2ms)
			RebuildScriptCaches (57ms)
			SetupLoadedEditorAssemblies (320ms)
				LogAssemblyErrors (0ms)
				InitializePlatformSupportModulesInManaged (5ms)
				SetLoadedEditorAssemblies (1ms)
				RefreshPlugins (1ms)
				BeforeProcessingInitializeOnLoad (76ms)
				ProcessInitializeOnLoadAttributes (218ms)
				ProcessInitializeOnLoadMethodAttributes (12ms)
				AfterProcessingInitializeOnLoad (8ms)
				EditorAssembliesLoaded (0ms)
			ExecutionOrderSort2 (0ms)
			AwakeInstancesAfterBackupRestoration (9ms)
Platform modules already initialized, skipping
Refreshing native plugins compatible for Editor in 0.51 ms, found 3 plugins.
Preloading 0 native plugins for Editor in 0.00 ms.
Unloading 2198 Unused Serialized files (Serialized files now loaded: 0)
System memory in use before: 99.0 MB.
System memory in use after: 99.1 MB.

Unloading 17 unused Assets to reduce memory usage. Loaded Objects now: 2676.
Total: 4.002600 ms (FindLiveObjects: 0.394100 ms CreateObjectMapping: 0.126300 ms MarkObjects: 3.445700 ms  DeleteObjects: 0.035600 ms)

AssetImportParameters requested are different than current active one (requested -> active):
  custom:framework-win-MediaFoundation: 216162199b28c13a410421893ffa2e32 -> 
  custom:video-decoder-ogg-theora: a1e56fd34408186e4bbccfd4996cb3dc -> 
  custom:container-muxer-webm: aa71ff27fc2769a1b78a27578f13a17b -> 
  custom:container-demuxer-webm: 4f35f7cbe854078d1ac9338744f61a02 -> 
  custom:container-demuxer-ogg: 62fdf1f143b41e24485cea50d1cbac27 -> 
  custom:video-encoder-webm-vp8: eb34c28f22e8b96e1ab97ce403110664 -> 
  custom:video-decoder-webm-vp8: 9c59270c3fd7afecdb556c50c9e8de78 -> 
  custom:audio-decoder-ogg-vorbis: bf7c407c2cedff20999df2af8eb42d56 -> 
  custom:audio-encoder-webm-vorbis: bf7c407c2cedff20999df2af8eb42d56 -> 
========================================================================
Received Prepare
Registering precompiled user dll's ...
Registered in 0.007114 seconds.
Begin MonoManager ReloadAssembly
Native extension for WindowsStandalone target not found
Refreshing native plugins compatible for Editor in 0.50 ms, found 3 plugins.
Preloading 0 native plugins for Editor in 0.00 ms.
Mono: successfully reloaded assembly
- Completed reload, in  1.244 seconds
Domain Reload Profiling:
	ReloadAssembly (1245ms)
		BeginReloadAssembly (138ms)
			ExecutionOrderSort (0ms)
			DisableScriptedObjects (10ms)
			BackupInstance (0ms)
			ReleaseScriptingObjects (0ms)
			CreateAndSetChildDomain (34ms)
		EndReloadAssembly (1033ms)
			LoadAssemblies (113ms)
			RebuildTransferFunctionScriptingTraits (0ms)
			SetupTypeCache (436ms)
			ReleaseScriptCaches (1ms)
			RebuildScriptCaches (53ms)
			SetupLoadedEditorAssemblies (325ms)
				LogAssemblyErrors (0ms)
				InitializePlatformSupportModulesInManaged (5ms)
				SetLoadedEditorAssemblies (1ms)
				RefreshPlugins (1ms)
				BeforeProcessingInitializeOnLoad (74ms)
				ProcessInitializeOnLoadAttributes (225ms)
				ProcessInitializeOnLoadMethodAttributes (12ms)
				AfterProcessingInitializeOnLoad (8ms)
				EditorAssembliesLoaded (0ms)
			ExecutionOrderSort2 (0ms)
			AwakeInstancesAfterBackupRestoration (9ms)
Platform modules already initialized, skipping
Refreshing native plugins compatible for Editor in 0.51 ms, found 3 plugins.
Preloading 0 native plugins for Editor in 0.00 ms.
Unloading 2198 Unused Serialized files (Serialized files now loaded: 0)
System memory in use before: 99.0 MB.
System memory in use after: 99.2 MB.

Unloading 17 unused Assets to reduce memory usage. Loaded Objects now: 2678.
Total: 3.244100 ms (FindLiveObjects: 0.192200 ms CreateObjectMapping: 0.084100 ms MarkObjects: 2.914100 ms  DeleteObjects: 0.052700 ms)

AssetImportParameters requested are different than current active one (requested -> active):
  custom:framework-win-MediaFoundation: 216162199b28c13a410421893ffa2e32 -> 
  custom:video-decoder-ogg-theora: a1e56fd34408186e4bbccfd4996cb3dc -> 
  custom:container-muxer-webm: aa71ff27fc2769a1b78a27578f13a17b -> 
  custom:container-demuxer-webm: 4f35f7cbe854078d1ac9338744f61a02 -> 
  custom:container-demuxer-ogg: 62fdf1f143b41e24485cea50d1cbac27 -> 
  custom:video-encoder-webm-vp8: eb34c28f22e8b96e1ab97ce403110664 -> 
  custom:video-decoder-webm-vp8: 9c59270c3fd7afecdb556c50c9e8de78 -> 
  custom:audio-decoder-ogg-vorbis: bf7c407c2cedff20999df2af8eb42d56 -> 
  custom:audio-encoder-webm-vorbis: bf7c407c2cedff20999df2af8eb42d56 -> 
========================================================================
Received Prepare
Registering precompiled user dll's ...
Registered in 0.006782 seconds.
Begin MonoManager ReloadAssembly
Native extension for WindowsStandalone target not found
Refreshing native plugins compatible for Editor in 0.68 ms, found 3 plugins.
Preloading 0 native plugins for Editor in 0.00 ms.
Mono: successfully reloaded assembly
- Completed reload, in  1.258 seconds
Domain Reload Profiling:
	ReloadAssembly (1258ms)
		BeginReloadAssembly (134ms)
			ExecutionOrderSort (0ms)
			DisableScriptedObjects (7ms)
			BackupInstance (0ms)
			ReleaseScriptingObjects (0ms)
			CreateAndSetChildDomain (36ms)
		EndReloadAssembly (1044ms)
			LoadAssemblies (129ms)
			RebuildTransferFunctionScriptingTraits (0ms)
			SetupTypeCache (424ms)
			ReleaseScriptCaches (1ms)
			RebuildScriptCaches (46ms)
			SetupLoadedEditorAssemblies (334ms)
				LogAssemblyErrors (0ms)
				InitializePlatformSupportModulesInManaged (5ms)
				SetLoadedEditorAssemblies (1ms)
				RefreshPlugins (1ms)
				BeforeProcessingInitializeOnLoad (75ms)
				ProcessInitializeOnLoadAttributes (233ms)
				ProcessInitializeOnLoadMethodAttributes (12ms)
				AfterProcessingInitializeOnLoad (9ms)
				EditorAssembliesLoaded (0ms)
			ExecutionOrderSort2 (0ms)
			AwakeInstancesAfterBackupRestoration (10ms)
Platform modules already initialized, skipping
Refreshing native plugins compatible for Editor in 0.67 ms, found 3 plugins.
Preloading 0 native plugins for Editor in 0.00 ms.
Unloading 2198 Unused Serialized files (Serialized files now loaded: 0)
System memory in use before: 99.0 MB.
System memory in use after: 99.2 MB.

Unloading 17 unused Assets to reduce memory usage. Loaded Objects now: 2680.
Total: 3.580400 ms (FindLiveObjects: 0.171000 ms CreateObjectMapping: 0.076300 ms MarkObjects: 3.315300 ms  DeleteObjects: 0.017000 ms)

AssetImportParameters requested are different than current active one (requested -> active):
  custom:framework-win-MediaFoundation: 216162199b28c13a410421893ffa2e32 -> 
  custom:video-decoder-ogg-theora: a1e56fd34408186e4bbccfd4996cb3dc -> 
  custom:container-muxer-webm: aa71ff27fc2769a1b78a27578f13a17b -> 
  custom:container-demuxer-webm: 4f35f7cbe854078d1ac9338744f61a02 -> 
  custom:container-demuxer-ogg: 62fdf1f143b41e24485cea50d1cbac27 -> 
  custom:video-encoder-webm-vp8: eb34c28f22e8b96e1ab97ce403110664 -> 
  custom:video-decoder-webm-vp8: 9c59270c3fd7afecdb556c50c9e8de78 -> 
  custom:audio-decoder-ogg-vorbis: bf7c407c2cedff20999df2af8eb42d56 -> 
  custom:audio-encoder-webm-vorbis: bf7c407c2cedff20999df2af8eb42d56 -> 
========================================================================
Received Prepare
Registering precompiled user dll's ...
Registered in 0.006714 seconds.
Begin MonoManager ReloadAssembly
Native extension for WindowsStandalone target not found
Refreshing native plugins compatible for Editor in 0.49 ms, found 3 plugins.
Preloading 0 native plugins for Editor in 0.00 ms.
Mono: successfully reloaded assembly
- Completed reload, in  1.279 seconds
Domain Reload Profiling:
	ReloadAssembly (1280ms)
		BeginReloadAssembly (131ms)
			ExecutionOrderSort (0ms)
			DisableScriptedObjects (6ms)
			BackupInstance (0ms)
			ReleaseScriptingObjects (0ms)
			CreateAndSetChildDomain (34ms)
		EndReloadAssembly (1072ms)
			LoadAssemblies (114ms)
			RebuildTransferFunctionScriptingTraits (0ms)
			SetupTypeCache (458ms)
			ReleaseScriptCaches (1ms)
			RebuildScriptCaches (47ms)
			SetupLoadedEditorAssemblies (337ms)
				LogAssemblyErrors (0ms)
				InitializePlatformSupportModulesInManaged (5ms)
				SetLoadedEditorAssemblies (1ms)
				RefreshPlugins (1ms)
				BeforeProcessingInitializeOnLoad (71ms)
				ProcessInitializeOnLoadAttributes (236ms)
				ProcessInitializeOnLoadMethodAttributes (14ms)
				AfterProcessingInitializeOnLoad (9ms)
				EditorAssembliesLoaded (0ms)
			ExecutionOrderSort2 (0ms)
			AwakeInstancesAfterBackupRestoration (10ms)
Platform modules already initialized, skipping
Refreshing native plugins compatible for Editor in 0.67 ms, found 3 plugins.
Preloading 0 native plugins for Editor in 0.00 ms.
Unloading 2198 Unused Serialized files (Serialized files now loaded: 0)
System memory in use before: 99.0 MB.
System memory in use after: 99.2 MB.

Unloading 17 unused Assets to reduce memory usage. Loaded Objects now: 2682.
Total: 3.254800 ms (FindLiveObjects: 0.164100 ms CreateObjectMapping: 0.080000 ms MarkObjects: 2.974800 ms  DeleteObjects: 0.035200 ms)

AssetImportParameters requested are different than current active one (requested -> active):
  custom:framework-win-MediaFoundation: 216162199b28c13a410421893ffa2e32 -> 
  custom:video-decoder-ogg-theora: a1e56fd34408186e4bbccfd4996cb3dc -> 
  custom:container-muxer-webm: aa71ff27fc2769a1b78a27578f13a17b -> 
  custom:container-demuxer-webm: 4f35f7cbe854078d1ac9338744f61a02 -> 
  custom:container-demuxer-ogg: 62fdf1f143b41e24485cea50d1cbac27 -> 
  custom:video-encoder-webm-vp8: eb34c28f22e8b96e1ab97ce403110664 -> 
  custom:video-decoder-webm-vp8: 9c59270c3fd7afecdb556c50c9e8de78 -> 
  custom:audio-decoder-ogg-vorbis: bf7c407c2cedff20999df2af8eb42d56 -> 
  custom:audio-encoder-webm-vorbis: bf7c407c2cedff20999df2af8eb42d56 -> 
AssetImportWorkerClient::OnTransportError - code=2 error=End of file
